Mensaje I / 00:00:00:000 / Root(00) para top(01)
Mensaje I / 00:00:00:000 / top(01) para audience(02)
Mensaje D / 00:00:00:000 / audience(02) / ... para top(01)
Mensaje D / 00:00:00:000 / top(01) / ... para Root(00)
Mensaje X / 00:00:01:000 / Root(00) / audiencein /     30.00000 para top(01)
Mensaje X / 00:00:01:000 / top(01) / audiencein /     30.00000 para audience(02)
Mensaje D / 00:00:01:000 / audience(02) / 00:00:00:000 para top(01)
Mensaje D / 00:00:01:000 / top(01) / 00:00:00:000 para Root(00)
Mensaje * / 00:00:01:000 / Root(00) para top(01)
Mensaje * / 00:00:01:000 / top(01) para audience(02)
Mensaje Y / 00:00:01:000 / audience(02) / audienceout /     30.00000 para top(01)
Mensaje D / 00:00:01:000 / audience(02) / ... para top(01)
Mensaje Y / 00:00:01:000 / top(01) / audienceout /     30.00000 para Root(00)
Mensaje D / 00:00:01:000 / top(01) / ... para Root(00)
Mensaje X / 01:01:51:000 / Root(00) / in /      1.00000 para top(01)
Mensaje X / 01:01:51:000 / top(01) / in /      1.00000 para audience(02)
Mensaje D / 01:01:51:000 / audience(02) / 00:00:00:000 para top(01)
Mensaje D / 01:01:51:000 / top(01) / 00:00:00:000 para Root(00)
Mensaje * / 01:01:51:000 / Root(00) para top(01)
Mensaje * / 01:01:51:000 / top(01) para audience(02)
Mensaje Y / 01:01:51:000 / audience(02) / audienceout /     30.00000 para top(01)
Mensaje Y / 01:01:51:000 / audience(02) / out /      2.00000 para top(01)
Mensaje D / 01:01:51:000 / audience(02) / ... para top(01)
Mensaje Y / 01:01:51:000 / top(01) / audienceout /     30.00000 para Root(00)
Mensaje Y / 01:01:51:000 / top(01) / out /      2.00000 para Root(00)
Mensaje D / 01:01:51:000 / top(01) / ... para Root(00)
Mensaje X / 01:02:51:000 / Root(00) / in /      1.00000 para top(01)
Mensaje X / 01:02:51:000 / top(01) / in /      1.00000 para audience(02)
Mensaje D / 01:02:51:000 / audience(02) / 00:00:00:000 para top(01)
Mensaje D / 01:02:51:000 / top(01) / 00:00:00:000 para Root(00)
Mensaje * / 01:02:51:000 / Root(00) para top(01)
Mensaje * / 01:02:51:000 / top(01) para audience(02)
Mensaje Y / 01:02:51:000 / audience(02) / audienceout /     30.00000 para top(01)
Mensaje Y / 01:02:51:000 / audience(02) / out /      2.00000 para top(01)
Mensaje D / 01:02:51:000 / audience(02) / ... para top(01)
Mensaje Y / 01:02:51:000 / top(01) / audienceout /     30.00000 para Root(00)
Mensaje Y / 01:02:51:000 / top(01) / out /      2.00000 para Root(00)
Mensaje D / 01:02:51:000 / top(01) / ... para Root(00)
Mensaje X / 01:03:51:000 / Root(00) / in /      1.00000 para top(01)
Mensaje X / 01:03:51:000 / top(01) / in /      1.00000 para audience(02)
Mensaje D / 01:03:51:000 / audience(02) / 00:00:00:000 para top(01)
Mensaje D / 01:03:51:000 / top(01) / 00:00:00:000 para Root(00)
Mensaje * / 01:03:51:000 / Root(00) para top(01)
Mensaje * / 01:03:51:000 / top(01) para audience(02)
Mensaje Y / 01:03:51:000 / audience(02) / audienceout /     30.00000 para top(01)
Mensaje Y / 01:03:51:000 / audience(02) / out /      1.00000 para top(01)
Mensaje D / 01:03:51:000 / audience(02) / ... para top(01)
Mensaje Y / 01:03:51:000 / top(01) / audienceout /     30.00000 para Root(00)
Mensaje Y / 01:03:51:000 / top(01) / out /      1.00000 para Root(00)
Mensaje D / 01:03:51:000 / top(01) / ... para Root(00)
Mensaje X / 01:04:51:000 / Root(00) / in /      0.00000 para top(01)
Mensaje X / 01:04:51:000 / top(01) / in /      0.00000 para audience(02)
Mensaje D / 01:04:51:000 / audience(02) / 00:00:00:000 para top(01)
Mensaje D / 01:04:51:000 / top(01) / 00:00:00:000 para Root(00)
Mensaje * / 01:04:51:000 / Root(00) para top(01)
Mensaje * / 01:04:51:000 / top(01) para audience(02)
Mensaje Y / 01:04:51:000 / audience(02) / audienceout /     30.00000 para top(01)
Mensaje Y / 01:04:51:000 / audience(02) / out /      2.00000 para top(01)
Mensaje D / 01:04:51:000 / audience(02) / ... para top(01)
Mensaje Y / 01:04:51:000 / top(01) / audienceout /     30.00000 para Root(00)
Mensaje Y / 01:04:51:000 / top(01) / out /      2.00000 para Root(00)
Mensaje D / 01:04:51:000 / top(01) / ... para Root(00)
Mensaje X / 01:05:51:000 / Root(00) / in /      1.00000 para top(01)
Mensaje X / 01:05:51:000 / top(01) / in /      1.00000 para audience(02)
Mensaje D / 01:05:51:000 / audience(02) / 00:00:00:000 para top(01)
Mensaje D / 01:05:51:000 / top(01) / 00:00:00:000 para Root(00)
Mensaje * / 01:05:51:000 / Root(00) para top(01)
Mensaje * / 01:05:51:000 / top(01) para audience(02)
Mensaje Y / 01:05:51:000 / audience(02) / audienceout /     30.00000 para top(01)
Mensaje Y / 01:05:51:000 / audience(02) / out /      2.00000 para top(01)
Mensaje D / 01:05:51:000 / audience(02) / ... para top(01)
Mensaje Y / 01:05:51:000 / top(01) / audienceout /     30.00000 para Root(00)
Mensaje Y / 01:05:51:000 / top(01) / out /      2.00000 para Root(00)
Mensaje D / 01:05:51:000 / top(01) / ... para Root(00)
Mensaje X / 01:06:51:000 / Root(00) / in /      1.00000 para top(01)
Mensaje X / 01:06:51:000 / top(01) / in /      1.00000 para audience(02)
Mensaje D / 01:06:51:000 / audience(02) / 00:00:00:000 para top(01)
Mensaje D / 01:06:51:000 / top(01) / 00:00:00:000 para Root(00)
Mensaje * / 01:06:51:000 / Root(00) para top(01)
Mensaje * / 01:06:51:000 / top(01) para audience(02)
Mensaje Y / 01:06:51:000 / audience(02) / audienceout /     30.00000 para top(01)
Mensaje Y / 01:06:51:000 / audience(02) / out /      2.00000 para top(01)
Mensaje D / 01:06:51:000 / audience(02) / ... para top(01)
Mensaje Y / 01:06:51:000 / top(01) / audienceout /     30.00000 para Root(00)
Mensaje Y / 01:06:51:000 / top(01) / out /      2.00000 para Root(00)
Mensaje D / 01:06:51:000 / top(01) / ... para Root(00)
Mensaje X / 01:09:51:000 / Root(00) / in /      1.00000 para top(01)
Mensaje X / 01:09:51:000 / top(01) / in /      1.00000 para audience(02)
Mensaje D / 01:09:51:000 / audience(02) / 00:00:00:000 para top(01)
Mensaje D / 01:09:51:000 / top(01) / 00:00:00:000 para Root(00)
Mensaje * / 01:09:51:000 / Root(00) para top(01)
Mensaje * / 01:09:51:000 / top(01) para audience(02)
Mensaje Y / 01:09:51:000 / audience(02) / audienceout /     30.00000 para top(01)
Mensaje Y / 01:09:51:000 / audience(02) / out /      1.00000 para top(01)
Mensaje D / 01:09:51:000 / audience(02) / ... para top(01)
Mensaje Y / 01:09:51:000 / top(01) / audienceout /     30.00000 para Root(00)
Mensaje Y / 01:09:51:000 / top(01) / out /      1.00000 para Root(00)
Mensaje D / 01:09:51:000 / top(01) / ... para Root(00)
Mensaje X / 01:10:51:000 / Root(00) / in /      0.00000 para top(01)
Mensaje X / 01:10:51:000 / top(01) / in /      0.00000 para audience(02)
Mensaje D / 01:10:51:000 / audience(02) / 00:00:00:000 para top(01)
Mensaje D / 01:10:51:000 / top(01) / 00:00:00:000 para Root(00)
Mensaje * / 01:10:51:000 / Root(00) para top(01)
Mensaje * / 01:10:51:000 / top(01) para audience(02)
Mensaje Y / 01:10:51:000 / audience(02) / audienceout /     30.00000 para top(01)
Mensaje Y / 01:10:51:000 / audience(02) / out /      2.00000 para top(01)
Mensaje D / 01:10:51:000 / audience(02) / ... para top(01)
Mensaje Y / 01:10:51:000 / top(01) / audienceout /     30.00000 para Root(00)
Mensaje Y / 01:10:51:000 / top(01) / out /      2.00000 para Root(00)
Mensaje D / 01:10:51:000 / top(01) / ... para Root(00)
Mensaje X / 01:14:51:000 / Root(00) / in /      0.00000 para top(01)
Mensaje X / 01:14:51:000 / top(01) / in /      0.00000 para audience(02)
Mensaje D / 01:14:51:000 / audience(02) / 00:00:00:000 para top(01)
Mensaje D / 01:14:51:000 / top(01) / 00:00:00:000 para Root(00)
Mensaje * / 01:14:51:000 / Root(00) para top(01)
Mensaje * / 01:14:51:000 / top(01) para audience(02)
Mensaje Y / 01:14:51:000 / audience(02) / audienceout /     30.00000 para top(01)
Mensaje Y / 01:14:51:000 / audience(02) / out /      2.00000 para top(01)
Mensaje D / 01:14:51:000 / audience(02) / ... para top(01)
Mensaje Y / 01:14:51:000 / top(01) / audienceout /     30.00000 para Root(00)
Mensaje Y / 01:14:51:000 / top(01) / out /      2.00000 para Root(00)
Mensaje D / 01:14:51:000 / top(01) / ... para Root(00)
Mensaje X / 01:15:51:000 / Root(00) / in /      0.00000 para top(01)
Mensaje X / 01:15:51:000 / top(01) / in /      0.00000 para audience(02)
Mensaje D / 01:15:51:000 / audience(02) / 00:00:00:000 para top(01)
Mensaje D / 01:15:51:000 / top(01) / 00:00:00:000 para Root(00)
Mensaje * / 01:15:51:000 / Root(00) para top(01)
Mensaje * / 01:15:51:000 / top(01) para audience(02)
Mensaje Y / 01:15:51:000 / audience(02) / audienceout /     30.00000 para top(01)
Mensaje Y / 01:15:51:000 / audience(02) / out /      2.00000 para top(01)
Mensaje D / 01:15:51:000 / audience(02) / ... para top(01)
Mensaje Y / 01:15:51:000 / top(01) / audienceout /     30.00000 para Root(00)
Mensaje Y / 01:15:51:000 / top(01) / out /      2.00000 para Root(00)
Mensaje D / 01:15:51:000 / top(01) / ... para Root(00)
Mensaje X / 01:16:51:000 / Root(00) / in /      0.00000 para top(01)
Mensaje X / 01:16:51:000 / top(01) / in /      0.00000 para audience(02)
Mensaje D / 01:16:51:000 / audience(02) / 00:00:00:000 para top(01)
Mensaje D / 01:16:51:000 / top(01) / 00:00:00:000 para Root(00)
Mensaje * / 01:16:51:000 / Root(00) para top(01)
Mensaje * / 01:16:51:000 / top(01) para audience(02)
Mensaje Y / 01:16:51:000 / audience(02) / audienceout /     30.00000 para top(01)
Mensaje Y / 01:16:51:000 / audience(02) / out /      2.00000 para top(01)
Mensaje D / 01:16:51:000 / audience(02) / ... para top(01)
Mensaje Y / 01:16:51:000 / top(01) / audienceout /     30.00000 para Root(00)
Mensaje Y / 01:16:51:000 / top(01) / out /      2.00000 para Root(00)
Mensaje D / 01:16:51:000 / top(01) / ... para Root(00)
Mensaje X / 01:19:51:000 / Root(00) / in /      0.00000 para top(01)
Mensaje X / 01:19:51:000 / top(01) / in /      0.00000 para audience(02)
Mensaje D / 01:19:51:000 / audience(02) / 00:00:00:000 para top(01)
Mensaje D / 01:19:51:000 / top(01) / 00:00:00:000 para Root(00)
Mensaje * / 01:19:51:000 / Root(00) para top(01)
Mensaje * / 01:19:51:000 / top(01) para audience(02)
Mensaje Y / 01:19:51:000 / audience(02) / audienceout /     30.00000 para top(01)
Mensaje Y / 01:19:51:000 / audience(02) / out /      2.00000 para top(01)
Mensaje D / 01:19:51:000 / audience(02) / ... para top(01)
Mensaje Y / 01:19:51:000 / top(01) / audienceout /     30.00000 para Root(00)
Mensaje Y / 01:19:51:000 / top(01) / out /      2.00000 para Root(00)
Mensaje D / 01:19:51:000 / top(01) / ... para Root(00)
Mensaje X / 02:00:51:000 / Root(00) / in /      0.00000 para top(01)
Mensaje X / 02:00:51:000 / top(01) / in /      0.00000 para audience(02)
Mensaje D / 02:00:51:000 / audience(02) / 00:00:00:000 para top(01)
Mensaje D / 02:00:51:000 / top(01) / 00:00:00:000 para Root(00)
Mensaje * / 02:00:51:000 / Root(00) para top(01)
Mensaje * / 02:00:51:000 / top(01) para audience(02)
Mensaje Y / 02:00:51:000 / audience(02) / audienceout /     30.00000 para top(01)
Mensaje Y / 02:00:51:000 / audience(02) / out /      2.00000 para top(01)
Mensaje D / 02:00:51:000 / audience(02) / ... para top(01)
Mensaje Y / 02:00:51:000 / top(01) / audienceout /     30.00000 para Root(00)
Mensaje Y / 02:00:51:000 / top(01) / out /      2.00000 para Root(00)
Mensaje D / 02:00:51:000 / top(01) / ... para Root(00)
Mensaje X / 02:01:51:000 / Root(00) / in /      0.00000 para top(01)
Mensaje X / 02:01:51:000 / top(01) / in /      0.00000 para audience(02)
Mensaje D / 02:01:51:000 / audience(02) / 00:00:00:000 para top(01)
Mensaje D / 02:01:51:000 / top(01) / 00:00:00:000 para Root(00)
Mensaje * / 02:01:51:000 / Root(00) para top(01)
Mensaje * / 02:01:51:000 / top(01) para audience(02)
Mensaje Y / 02:01:51:000 / audience(02) / audienceout /     30.00000 para top(01)
Mensaje Y / 02:01:51:000 / audience(02) / out /      2.00000 para top(01)
Mensaje D / 02:01:51:000 / audience(02) / ... para top(01)
Mensaje Y / 02:01:51:000 / top(01) / audienceout /     30.00000 para Root(00)
Mensaje Y / 02:01:51:000 / top(01) / out /      2.00000 para Root(00)
Mensaje D / 02:01:51:000 / top(01) / ... para Root(00)
Mensaje X / 02:02:51:000 / Root(00) / in /      0.00000 para top(01)
Mensaje X / 02:02:51:000 / top(01) / in /      0.00000 para audience(02)
Mensaje D / 02:02:51:000 / audience(02) / 00:00:00:000 para top(01)
Mensaje D / 02:02:51:000 / top(01) / 00:00:00:000 para Root(00)
Mensaje * / 02:02:51:000 / Root(00) para top(01)
Mensaje * / 02:02:51:000 / top(01) para audience(02)
Mensaje Y / 02:02:51:000 / audience(02) / audienceout /     30.00000 para top(01)
Mensaje Y / 02:02:51:000 / audience(02) / out /      2.00000 para top(01)
Mensaje D / 02:02:51:000 / audience(02) / ... para top(01)
Mensaje Y / 02:02:51:000 / top(01) / audienceout /     30.00000 para Root(00)
Mensaje Y / 02:02:51:000 / top(01) / out /      2.00000 para Root(00)
Mensaje D / 02:02:51:000 / top(01) / ... para Root(00)
Mensaje X / 02:03:51:000 / Root(00) / in /      0.00000 para top(01)
Mensaje X / 02:03:51:000 / top(01) / in /      0.00000 para audience(02)
Mensaje D / 02:03:51:000 / audience(02) / 00:00:00:000 para top(01)
Mensaje D / 02:03:51:000 / top(01) / 00:00:00:000 para Root(00)
Mensaje * / 02:03:51:000 / Root(00) para top(01)
Mensaje * / 02:03:51:000 / top(01) para audience(02)
Mensaje Y / 02:03:51:000 / audience(02) / audienceout /     30.00000 para top(01)
Mensaje Y / 02:03:51:000 / audience(02) / out /      2.00000 para top(01)
Mensaje D / 02:03:51:000 / audience(02) / ... para top(01)
Mensaje Y / 02:03:51:000 / top(01) / audienceout /     30.00000 para Root(00)
Mensaje Y / 02:03:51:000 / top(01) / out /      2.00000 para Root(00)
Mensaje D / 02:03:51:000 / top(01) / ... para Root(00)
Mensaje X / 02:04:51:000 / Root(00) / in /      0.00000 para top(01)
Mensaje X / 02:04:51:000 / top(01) / in /      0.00000 para audience(02)
Mensaje D / 02:04:51:000 / audience(02) / 00:00:00:000 para top(01)
Mensaje D / 02:04:51:000 / top(01) / 00:00:00:000 para Root(00)
Mensaje * / 02:04:51:000 / Root(00) para top(01)
Mensaje * / 02:04:51:000 / top(01) para audience(02)
Mensaje Y / 02:04:51:000 / audience(02) / audienceout /     20.00000 para top(01)
Mensaje Y / 02:04:51:000 / audience(02) / out /      0.00000 para top(01)
Mensaje D / 02:04:51:000 / audience(02) / ... para top(01)
Mensaje Y / 02:04:51:000 / top(01) / audienceout /     20.00000 para Root(00)
Mensaje Y / 02:04:51:000 / top(01) / out /      0.00000 para Root(00)
Mensaje D / 02:04:51:000 / top(01) / ... para Root(00)
Mensaje X / 02:05:51:000 / Root(00) / in /      1.00000 para top(01)
Mensaje X / 02:05:51:000 / top(01) / in /      1.00000 para audience(02)
Mensaje D / 02:05:51:000 / audience(02) / 00:00:00:000 para top(01)
Mensaje D / 02:05:51:000 / top(01) / 00:00:00:000 para Root(00)
Mensaje * / 02:05:51:000 / Root(00) para top(01)
Mensaje * / 02:05:51:000 / top(01) para audience(02)
Mensaje Y / 02:05:51:000 / audience(02) / audienceout /     20.00000 para top(01)
Mensaje Y / 02:05:51:000 / audience(02) / out /      2.00000 para top(01)
Mensaje D / 02:05:51:000 / audience(02) / ... para top(01)
Mensaje Y / 02:05:51:000 / top(01) / audienceout /     20.00000 para Root(00)
Mensaje Y / 02:05:51:000 / top(01) / out /      2.00000 para Root(00)
Mensaje D / 02:05:51:000 / top(01) / ... para Root(00)
Mensaje X / 02:06:51:000 / Root(00) / in /      1.00000 para top(01)
Mensaje X / 02:06:51:000 / top(01) / in /      1.00000 para audience(02)
Mensaje D / 02:06:51:000 / audience(02) / 00:00:00:000 para top(01)
Mensaje D / 02:06:51:000 / top(01) / 00:00:00:000 para Root(00)
Mensaje * / 02:06:51:000 / Root(00) para top(01)
Mensaje * / 02:06:51:000 / top(01) para audience(02)
Mensaje Y / 02:06:51:000 / audience(02) / audienceout /     20.00000 para top(01)
Mensaje Y / 02:06:51:000 / audience(02) / out /      2.00000 para top(01)
Mensaje D / 02:06:51:000 / audience(02) / ... para top(01)
Mensaje Y / 02:06:51:000 / top(01) / audienceout /     20.00000 para Root(00)
Mensaje Y / 02:06:51:000 / top(01) / out /      2.00000 para Root(00)
Mensaje D / 02:06:51:000 / top(01) / ... para Root(00)
